app/build/outputs/logs/manifest-merger-debug-report.txt
-- Merging decision tree log ---
manifest
ADDED from src\main\AndroidManifest.xml:2:1-84:12
INJECTED from src\main\AndroidManifest.xml:2:1-84:12
INJECTED from src\main\AndroidManifest.xml:2:1-84:12
INJECTED from src\main\AndroidManifest.xml:2:1-84:12
MERGED from [com.google.firebase:firebase-core:11.4.0] AndroidManifest.xml:2:1-6:12
MERGED from [com.android.support:design:26.1.0] AndroidManifest.xml:17:1-31:12
MERGED from [com.airbnb.android:lottie:2.0.0] AndroidManifest.xml:2:1-12:12
MERGED from [com.android.support:appcompat-v7:26.1.0] AndroidManifest.xml:17:1-31:12
MERGED from [com.android.support.constraint:constraint-layout:1.0.2] AndroidManifest.xml:2:1-11:12
MERGED from [com.onesignal:OneSignal:3.7.1] AndroidManifest.xml:2:1-106:12
MERGED from [com.android.support:transition:26.1.0] AndroidManifest.xml:17:1-28:12
MERGED from [com.google.firebase:firebase-database:11.4.0] AndroidManifest.xml:2:1-4:12
MERGED from [com.google.android.gms:play-services-ads:11.4.0] AndroidManifest.xml:16:1-18:12
MERGED from [com.google.android.gms:play-services-maps:11.4.0] AndroidManifest.xml:16:1-25:12
MERGED from [com.google.firebase:firebase-auth:11.4.0] AndroidManifest.xml:16:1-21:12
MERGED from [com.google.android.gms:play-services-auth:11.4.0] AndroidManifest.xml:16:1-26:12
MERGED from [com.google.firebase:firebase-analytics:11.4.0] AndroidManifest.xml:16:1-35:12
MERGED from [com.google.firebase:firebase-database-connection:11.4.0] AndroidManifest.xml:2:1-4:12
MERGED from [com.google.firebase:firebase-analytics-impl:11.4.0] AndroidManifest.xml:16:1-29:12
MERGED from [com.google.firebase:firebase-iid:11.4.0] AndroidManifest.xml:16:1-50:12
MERGED from [com.google.firebase:firebase-common:11.4.0] AndroidManifest.xml:2:1-8:12
MERGED from [com.google.android.gms:play-services-ads-lite:11.4.0] AndroidManifest.xml:16:1-27:12
MERGED from [com.google.android.gms:play-services-gass:11.4.0] AndroidManifest.xml:2:1-5:12
MERGED from [com.google.android.gms:play-services-auth-api-phone:11.4.0] AndroidManifest.xml:2:1-4:12
MERGED from [com.google.android.gms:play-services-auth-base:11.4.0] AndroidManifest.xml:2:1-5:12
MERGED from [com.google.android.gms:play-services-gcm:11.6.2] AndroidManifest.xml:16:1-24:12
MERGED from [com.google.android.gms:play-services-location:11.6.2] AndroidManifest.xml:2:1-5:12
MERGED from [com.google.android.gms:play-services-iid:11.6.2] AndroidManifest.xml:16:1-24:12
MERGED from [com.google.android.gms:play-services-base:11.6.2] AndroidManifest.xml:16:1-21:12
MERGED from [com.google.android.gms:play-services-tasks:11.6.2] AndroidManifest.xml:2:1-5:12
MERGED from [com.google.android.gms:play-services-basement:11.6.2] AndroidManifest.xml:16:1-23:12
MERGED from [com.android.support:support-v4:27.0.2] AndroidManifest.xml:17:1-22:12
MERGED from [com.android.support:multidex:1.0.1] AndroidManifest.xml:16:1-19:12
MERGED from [com.android.support:cardview-v7:26.1.0] AndroidManifest.xml:17:1-28:12
MERGED from [com.android.support:recyclerview-v7:26.1.0] AndroidManifest.xml:17:1-28:12
MERGED from [com.android.support:customtabs:27.0.2] AndroidManifest.xml:17:1-22:12
MERGED from [com.android.support:animated-vector-drawable:26.1.0] AndroidManifest.xml:17:1-28:12
MERGED from [com.android.support:support-vector-drawable:26.1.0] AndroidManifest.xml:17:1-28:12
MERGED from [com.android.support:support-media-compat:27.0.2] AndroidManifest.xml:17:1-22:12
MERGED from [com.android.support:support-fragment:27.0.2] AndroidManifest.xml:17:1-22:12
MERGED from [com.android.support:support-core-utils:27.0.2] AndroidManifest.xml:17:1-22:12
MERGED from [com.android.support:support-core-ui:27.0.2] AndroidManifest.xml:17:1-22:12
MERGED from [com.android.support:support-compat:27.0.2] AndroidManifest.xml:17:1-22:12
MERGED from [android.arch.lifecycle:runtime:1.0.3] AndroidManifest.xml:17:1-24:12
MERGED from [com.google.android.gms:play-services-gcm-license:11.6.2] AndroidManifest.xml:2:1-6:12
MERGED from [com.google.android.gms:play-services-location-license:11.6.2] AndroidManifest.xml:2:1-6:12
MERGED from [com.google.android.gms:play-services-base-license:11.6.2] AndroidManifest.xml:2:1-6:12
MERGED from [com.google.android.gms:play-services-basement-license:11.6.2] AndroidManifest.xml:2:1-6:12
MERGED from [com.google.android.gms:play-services-iid-license:11.6.2] AndroidManifest.xml:2:1-6:12
MERGED from [com.google.android.gms:play-services-tasks-license:11.6.2] AndroidManifest.xml:2:1-6:12
INJECTED from src\main\AndroidManifest.xml:2:1-84:12
INJECTED from src\main\AndroidManifest.xml:2:1-84:12
INJECTED from src\main\AndroidManifest.xml:2:1-84:12
	package
		ADDED from src\main\AndroidManifest.xml:3:5-42
		INJECTED from src\main\AndroidManifest.xml
		INJECTED from src\main\AndroidManifest.xml
	android:versionName
		INJECTED from src\main\AndroidManifest.xml
		ADDED from src\main\AndroidManifest.xml:2:1-84:12
		INJECTED from src\main\AndroidManifest.xml
	android:versionCode
		INJECTED from src\main\AndroidManifest.xml
		ADDED from src\main\AndroidManifest.xml:2:1-84:12
		INJECTED from src\main\AndroidManifest.xml
	xmlns:android
		ADDED from src\main\AndroidManifest.xml:2:11-69
permission#com.amc.akhil.myapplication.permission.MAPS_RECEIVE
ADDED from src\main\AndroidManifest.xml:5:5-7:47
	android:protectionLevel
		ADDED from src\main\AndroidManifest.xml:7:9-44
	android:name
		ADDED from src\main\AndroidManifest.xml:6:9-75
permission#com.amc.akhil.myapplication.permission.CALL_PHONE
ADDED from src\main\AndroidManifest.xml:8:5-10:47
	android:protectionLevel
		ADDED from src\main\AndroidManifest.xml:10:9-44
	android:name
		ADDED from src\main\AndroidManifest.xml:9:9-73
uses-permission#android.permission.CALL_PHONE
ADDED from src\main\AndroidManifest.xml:12:5-69
	android:name
		ADDED from src\main\AndroidManifest.xml:12:22-66
uses-permission#android.permission.GET_ACCOUNTS
ADDED from src\main\AndroidManifest.xml:13:5-71
	android:name
		ADDED from src\main\AndroidManifest.xml:13:22-68
uses-permission#android.permission.READ_PROFILE
ADDED from src\main\AndroidManifest.xml:14:5-71
	android:name
		ADDED from src\main\AndroidManifest.xml:14:22-68
uses-permission#android.permission.READ_CONTACTS
ADDED from src\main\AndroidManifest.xml:15:5-72
	android:name
		ADDED from src\main\AndroidManifest.xml:15:22-69
uses-permission#android.permission.INTERNET
ADDED from src\main\AndroidManifest.xml:21:5-67
MERGED from [com.onesignal:OneSignal:3.7.1] AndroidManifest.xml:17:5-67
MERGED from [com.onesignal:OneSignal:3.7.1] AndroidManifest.xml:17:5-67
MERGED from [com.google.android.gms:play-services-maps:11.4.0] AndroidManifest.xml:20:5-66
MERGED from [com.google.android.gms:play-services-maps:11.4.0] AndroidManifest.xml:20:5-66
MERGED from [com.google.firebase:firebase-analytics:11.4.0] AndroidManifest.xml:20:5-66
MERGED from [com.google.firebase:firebase-analytics:11.4.0] AndroidManifest.xml:20:5-66
MERGED from [com.google.firebase:firebase-analytics-impl:11.4.0] AndroidManifest.xml:20:5-66
MERGED from [com.google.firebase:firebase-analytics-impl:11.4.0] AndroidManifest.xml:20:5-66
MERGED from [com.google.firebase:firebase-iid:11.4.0] AndroidManifest.xml:20:5-66
MERGED from [com.google.firebase:firebase-iid:11.4.0] AndroidManifest.xml:20:5-66
MERGED from [com.google.android.gms:play-services-ads-lite:11.4.0] AndroidManifest.xml:19:5-66
MERGED from [com.google.android.gms:play-services-ads-lite:11.4.0] AndroidManifest.xml:19:5-66
MERGED from [com.google.android.gms:play-services-gcm:11.6.2] AndroidManifest.xml:21:5-66
MERGED from [com.google.android.gms:play-services-gcm:11.6.2] AndroidManifest.xml:21:5-66
MERGED from [com.google.android.gms:play-services-iid:11.6.2] AndroidManifest.xml:21:5-66
MERGED from [com.google.android.gms:play-services-iid:11.6.2] AndroidManifest.xml:21:5-66
	android:name
		ADDED from src\main\AndroidManifest.xml:21:22-64
uses-permission#android.permission.ACCESS_COARSE_LOCATION
ADDED from src\main\AndroidManifest.xml:22:5-81
	android:name
		ADDED from src\main\AndroidManifest.xml:22:22-78
uses-permission#android.permission.ACCESS_FINE_LOCATION
ADDED from src\main\AndroidManifest.xml:23:5-79
	android:name
		ADDED from src\main\AndroidManifest.xml:23:22-76
uses-permission#android.permission.ACCESS_NETWORK_STATE
ADDED from src\main\AndroidManifest.xml:24:5-79
MERGED from [com.onesignal:OneSignal:3.7.1] AndroidManifest.xml:25:5-79
MERGED from [com.onesignal:OneSignal:3.7.1] AndroidManifest.xml:25:5-79
MERGED from [com.google.android.gms:play-services-maps:11.4.0] AndroidManifest.xml:19:5-78
MERGED from [com.google.android.gms:play-services-maps:11.4.0] AndroidManifest.xml:19:5-78
MERGED from [com.google.firebase:firebase-analytics:11.4.0] AndroidManifest.xml:21:5-78
MERGED from [com.google.firebase:firebase-analytics:11.4.0] AndroidManifest.xml:21:5-78
MERGED from [com.google.firebase:firebase-analytics-impl:11.4.0] AndroidManifest.xml:21:5-78
MERGED from [com.google.firebase:firebase-analytics-impl:11.4.0] AndroidManifest.xml:21:5-78
MERGED from [com.google.firebase:firebase-iid:11.4.0] AndroidManifest.xml:19:5-78
MERGED from [com.google.firebase:firebase-iid:11.4.0] AndroidManifest.xml:19:5-78
MERGED from [com.google.android.gms:play-services-ads-lite:11.4.0] AndroidManifest.xml:20:5-78
MERGED from [com.google.android.gms:play-services-ads-lite:11.4.0] AndroidManifest.xml:20:5-78
	android:name
		ADDED from src\main\AndroidManifest.xml:24:22-76
uses-permission#android.permission.WRITE_EXTERNAL_STORAGE
ADDED from src\main\AndroidManifest.xml:25:5-81
	android:name
		ADDED from src\main\AndroidManifest.xml:25:22-78
uses-permission#com.google.android.providers.gsf.permission.READ_GSERVICES
ADDED from src\main\AndroidManifest.xml:26:5-98
	android:name
		ADDED from src\main\AndroidManifest.xml:26:22-95
uses-permission#com.amc.akhil.myapplication.permission.MAPS_RECEIVE
ADDED from src\main\AndroidManifest.xml:28:5-91
	android:name
		ADDED from src\main\AndroidManifest.xml:28:22-88
uses-permission#com.amc.akhil.myapplication.permission.CALL_PHONE
ADDED from src\main\AndroidManifest.xml:29:5-89
	android:name
		ADDED from src\main\AndroidManifest.xml:29:22-86
uses-feature#android.hardware.location.gps
ADDED from src\main\AndroidManifest.xml:31:5-66
	android:name
		ADDED from src\main\AndroidManifest.xml:31:19-63
uses-feature#0x00020000
ADDED from src\main\AndroidManifest.xml:32:5-34:35
MERGED from [com.google.android.gms:play-services-maps:11.4.0] AndroidManifest.xml:21:5-77
MERGED from [com.google.android.gms:play-services-maps:11.4.0] AndroidManifest.xml:21:5-77
	android:glEsVersion
		ADDED from src\main\AndroidManifest.xml:33:9-41
	android:required
		ADDED from src\main\AndroidManifest.xml:34:9-32
application
ADDED from src\main\AndroidManifest.xml:36:5-82:19
MERGED from [com.google.firebase:firebase-core:11.4.0] AndroidManifest.xml:5:5-20
MERGED from [com.google.firebase:firebase-core:11.4.0] AndroidManifest.xml:5:5-20
MERGED from [com.android.support:design:26.1.0] AndroidManifest.xml:25:5-29:19
MERGED from [com.android.support:design:26.1.0] AndroidManifest.xml:25:5-29:19
MERGED from [com.airbnb.android:lottie:2.0.0] AndroidManifest.xml:10:5-20
MERGED from [com.airbnb.android:lottie:2.0.0] AndroidManifest.xml:10:5-20
MERGED from [com.android.support:appcompat-v7:26.1.0] AndroidManifest.xml:25:5-29:19
MERGED from [com.android.support:appcompat-v7:26.1.0] AndroidManifest.xml:25:5-29:19
MERGED from [com.android.support.constraint:constraint-layout:1.0.2] AndroidManifest.xml:9:5-20
MERGED from [com.android.support.constraint:constraint-layout:1.0.2] AndroidManifest.xml:9:5-20
MERGED from [com.onesignal:OneSignal:3.7.1] AndroidManifest.xml:49:5-104:19
MERGED from [com.onesignal:OneSignal:3.7.1] AndroidManifest.xml:49:5-104:19
MERGED from [com.android.support:transition:26.1.0] AndroidManifest.xml:22:5-26:19
MERGED from [com.android.support:transition:26.1.0] AndroidManifest.xml:22:5-26:19
MERGED from [com.google.android.gms:play-services-maps:11.4.0] AndroidManifest.xml:24:5-19
MERGED from [com.google.android.gms:play-services-maps:11.4.0] AndroidManifest.xml:24:5-19
MERGED from [com.google.firebase:firebase-auth:11.4.0] AndroidManifest.xml:19:5-20:19
MERGED from [com.google.firebase:firebase-auth:11.4.0] AndroidManifest.xml:19:5-20:19
MERGED from [com.google.android.gms:play-services-auth:11.4.0] AndroidManifest.xml:19:5-25:19
MERGED from [com.google.android.gms:play-services-auth:11.4.0] AndroidManifest.xml:19:5-25:19
MERGED from [com.google.firebase:firebase-analytics:11.4.0] AndroidManifest.xml:24:5-34:19
MERGED from [com.google.firebase:firebase-analytics:11.4.0] AndroidManifest.xml:24:5-34:19
MERGED from [com.google.firebase:firebase-analytics-impl:11.4.0] AndroidManifest.xml:24:5-28:19
MERGED from [com.google.firebase:firebase-analytics-impl:11.4.0] AndroidManifest.xml:24:5-28:19
MERGED from [com.google.firebase:firebase-iid:11.4.0] AndroidManifest.xml:28:5-49:19
MERGED from [com.google.firebase:firebase-iid:11.4.0] AndroidManifest.xml:28:5-49:19
MERGED from [com.google.firebase:firebase-common:11.4.0] AndroidManifest.xml:4:5-7:19
MERGED from [com.google.firebase:firebase-common:11.4.0] AndroidManifest.xml:4:5-7:19
MERGED from [com.google.android.gms:play-services-ads-lite:11.4.0] AndroidManifest.xml:23:5-26:19
MERGED from [com.google.android.gms:play-services-ads-lite:11.4.0] AndroidManifest.xml:23:5-26:19
MERGED from [com.google.android.gms:play-services-gass:11.4.0] AndroidManifest.xml:4:5-19
MERGED from [com.google.android.gms:play-services-gass:11.4.0] AndroidManifest.xml:4:5-19
MERGED from [com.google.android.gms:play-services-gcm:11.6.2] AndroidManifest.xml:23:5-19
MERGED from [com.google.android.gms:play-services-gcm:11.6.2] AndroidManifest.xml:23:5-19
MERGED from [com.google.android.gms:play-services-location:11.6.2] AndroidManifest.xml:4:5-19
MERGED from [com.google.android.gms:play-services-location:11.6.2] AndroidManifest.xml:4:5-19
MERGED from [com.google.android.gms:play-services-iid:11.6.2] AndroidManifest.xml:23:5-19
MERGED from [com.google.android.gms:play-services-iid:11.6.2] AndroidManifest.xml:23:5-19
MERGED from [com.google.android.gms:play-services-base:11.6.2] AndroidManifest.xml:18:5-20:19
MERGED from [com.google.android.gms:play-services-base:11.6.2] AndroidManifest.xml:18:5-20:19
MERGED from [com.google.android.gms:play-services-tasks:11.6.2] AndroidManifest.xml:4:5-19
MERGED from [com.google.android.gms:play-services-tasks:11.6.2] AndroidManifest.xml:4:5-19
MERGED from [com.google.android.gms:play-services-basement:11.6.2] AndroidManifest.xml:19:5-21:19
MERGED from [com.google.android.gms:play-services-basement:11.6.2] AndroidManifest.xml:19:5-21:19
MERGED from [com.android.support:cardview-v7:26.1.0] AndroidManifest.xml:22:5-26:19
MERGED from [com.android.support:cardview-v7:26.1.0] AndroidManifest.xml:22:5-26:19
MERGED from [com.android.support:recyclerview-v7:26.1.0] AndroidManifest.xml:22:5-26:19
MERGED from [com.android.support:recyclerview-v7:26.1.0] AndroidManifest.xml:22:5-26:19
MERGED from [com.android.support:animated-vector-drawable:26.1.0] AndroidManifest.xml:22:5-26:19
MERGED from [com.android.support:animated-vector-drawable:26.1.0] AndroidManifest.xml:22:5-26:19
MERGED from [com.android.support:support-vector-drawable:26.1.0] AndroidManifest.xml:22:5-26:19
MERGED from [com.android.support:support-vector-drawable:26.1.0] AndroidManifest.xml:22:5-26:19
MERGED from [com.google.android.gms:play-services-gcm-license:11.6.2] AndroidManifest.xml:5:5-20
MERGED from [com.google.android.gms:play-services-gcm-license:11.6.2] AndroidManifest.xml:5:5-20
MERGED from [com.google.android.gms:play-services-location-license:11.6.2] AndroidManifest.xml:5:5-20
MERGED from [com.google.android.gms:play-services-location-license:11.6.2] AndroidManifest.xml:5:5-20
MERGED from [com.google.android.gms:play-services-base-license:11.6.2] AndroidManifest.xml:5:5-20
MERGED from [com.google.android.gms:play-services-base-license:11.6.2] AndroidManifest.xml:5:5-20
MERGED from [com.google.android.gms:play-services-basement-license:11.6.2] AndroidManifest.xml:5:5-20
MERGED from [com.google.android.gms:play-services-basement-license:11.6.2] AndroidManifest.xml:5:5-20
MERGED from [com.google.android.gms:play-services-iid-license:11.6.2] AndroidManifest.xml:5:5-20
MERGED from [com.google.android.gms:play-services-iid-license:11.6.2] AndroidManifest.xml:5:5-20
MERGED from [com.google.android.gms:play-services-tasks-license:11.6.2] AndroidManifest.xml:5:5-20
MERGED from [com.google.android.gms:play-services-tasks-license:11.6.2] AndroidManifest.xml:5:5-20
	android:supportsRtl
		ADDED from src\main\AndroidManifest.xml:41:9-35
	android:label
		ADDED from src\main\AndroidManifest.xml:39:9-41
	android:roundIcon
		ADDED from src\main\AndroidManifest.xml:40:9-54
	android:icon
		ADDED from src\main\AndroidManifest.xml:38:9-43
	android:allowBackup
		ADDED from src\main\AndroidManifest.xml:37:9-35
	android:theme
		ADDED from src\main\AndroidManifest.xml:42:9-40
activity#com.amc.akhil.myapplication.MainActivity
ADDED from src\main\AndroidManifest.xml:43:9-45:47
	android:label
		ADDED from src\main\AndroidManifest.xml:45:13-45
	android:name
		ADDED from src\main\AndroidManifest.xml:44:13-41
activity#com.amc.akhil.myapplication.WelcomeActivity
ADDED from src\main\AndroidManifest.xml:46:9-52:20
	android:name
		ADDED from src\main\AndroidManifest.xml:46:19-50
intent-filter#android.intent.action.MAIN+android.intent.category.LAUNCHER
ADDED from src\main\AndroidManifest.xml:47:13-51:29
action#android.intent.action.MAIN
ADDED from src\main\AndroidManifest.xml:48:17-69
	android:name
		ADDED from src\main\AndroidManifest.xml:48:25-66
category#android.intent.category.LAUNCHER
ADDED from src\main\AndroidManifest.xml:50:17-77
	android:name
		ADDED from src\main\AndroidManifest.xml:50:27-74
activity#com.amc.akhil.myapplication.LoginActivity
ADDED from src\main\AndroidManifest.xml:53:9-51
	android:name
		ADDED from src\main\AndroidManifest.xml:53:19-48
meta-data#com.google.android.geo.API_KEY
ADDED from src\main\AndroidManifest.xml:62:9-64:71
	android:value
		ADDED from src\main\AndroidManifest.xml:64:13-68
	android:name
		ADDED from src\main\AndroidManifest.xml:63:13-58
meta-data#com.google.android.gms.version
ADDED from src\main\AndroidManifest.xml:65:9-67:69
MERGED from [com.google.android.gms:play-services-basement:11.6.2] AndroidManifest.xml:20:9-121
MERGED from [com.google.android.gms:play-services-basement:11.6.2] AndroidManifest.xml:20:9-121
	android:value
		ADDED from src\main\AndroidManifest.xml:67:13-66
	android:name
		ADDED from src\main\AndroidManifest.xml:66:13-58
activity#com.amc.akhil.myapplication.MapsActivity
ADDED from src\main\AndroidManifest.xml:69:9-71:59
	android:label
		ADDED from src\main\AndroidManifest.xml:71:13-56
	android:name
		ADDED from src\main\AndroidManifest.xml:70:13-41
activity#com.amc.akhil.myapplication.AnimationActivity
ADDED from src\main\AndroidManifest.xml:72:9-75:59
	android:label
		ADDED from src\main\AndroidManifest.xml:74:13-61
	android:theme
		ADDED from src\main\AndroidManifest.xml:75:13-56
	android:name
		ADDED from src\main\AndroidManifest.xml:73:13-46
activity#com.amc.akhil.myapplication.RegisterActivity
ADDED from src\main\AndroidManifest.xml:76:9-78:63
	android:label
		ADDED from src\main\AndroidManifest.xml:78:13-60
	android:name
		ADDED from src\main\AndroidManifest.xml:77:13-45
activity#com.amc.akhil.myapplication.RequestAcknowledgementActivity
ADDED from src\main\AndroidManifest.xml:79:9-68
	android:name
		ADDED from src\main\AndroidManifest.xml:79:19-65
activity#com.amc.akhil.myapplication.EmergencyActivity
ADDED from src\main\AndroidManifest.xml:80:9-55
	android:name
		ADDED from src\main\AndroidManifest.xml:80:19-52
activity#com.amc.akhil.myapplication.DialerActivity
ADDED from src\main\AndroidManifest.xml:81:9-61
	android:name
		ADDED from src\main\AndroidManifest.xml:81:19-49
uses-sdk
INJECTED from src\main\AndroidManifest.xml reason: use-sdk injection requested
INJECTED from src\main\AndroidManifest.xml
INJECTED from src\main\AndroidManifest.xml
MERGED from [com.google.firebase:firebase-core:11.4.0] AndroidManifest.xml:4:5-43
MERGED from [com.google.firebase:firebase-core:11.4.0] AndroidManifest.xml:4:5-43
MERGED from [com.android.support:design:26.1.0] AndroidManifest.xml:21:5-23:62
MERGED from [com.android.support:design:26.1.0] AndroidManifest.xml:21:5-23:62
MERGED from [com.airbnb.android:lottie:2.0.0] AndroidManifest.xml:6:5-8:41
MERGED from [com.airbnb.android:lottie:2.0.0] AndroidManifest.xml:6:5-8:41
MERGED from [com.android.support:appcompat-v7:26.1.0] AndroidManifest.xml:21:5-23:78
MERGED from [com.android.support:appcompat-v7:26.1.0] AndroidManifest.xml:21:5-23:78
MERGED from [com.android.support.constraint:constraint-layout:1.0.2] AndroidManifest.xml:5:5-7:41
MERGED from [com.android.support.constraint:constraint-layout:1.0.2] AndroidManifest.xml:5:5-7:41
MERGED from [com.onesignal:OneSignal:3.7.1] AndroidManifest.xml:5:5-44
MERGED from [com.onesignal:OneSignal:3.7.1] AndroidManifest.xml:5:5-44
MERGED from [com.android.support:transition:26.1.0] AndroidManifest.xml:20:5-44
MERGED from [com.android.support:transition:26.1.0] AndroidManifest.xml:20:5-44
MERGED from [com.google.firebase:firebase-database:11.4.0] AndroidManifest.xml:3:5-43
MERGED from [com.google.firebase:firebase-database:11.4.0] AndroidManifest.xml:3:5-43
MERGED from [com.google.android.gms:play-services-ads:11.4.0] AndroidManifest.xml:17:5-94
MERGED from [com.google.android.gms:play-services-ads:11.4.0] AndroidManifest.xml:17:5-94
MERGED from [com.google.android.gms:play-services-maps:11.4.0] AndroidManifest.xml:23:5-43
MERGED from [com.google.android.gms:play-services-maps:11.4.0] AndroidManifest.xml:23:5-43
MERGED from [com.google.firebase:firebase-auth:11.4.0] AndroidManifest.xml:17:5-43
MERGED from [com.google.firebase:firebase-auth:11.4.0] AndroidManifest.xml:17:5-43
MERGED from [com.google.android.gms:play-services-auth:11.4.0] AndroidManifest.xml:17:5-43
MERGED from [com.google.android.gms:play-services-auth:11.4.0] AndroidManifest.xml:17:5-43
MERGED from [com.google.firebase:firebase-analytics:11.4.0] AndroidManifest.xml:17:5-43
MERGED from [com.google.firebase:firebase-analytics:11.4.0] AndroidManifest.xml:17:5-43
MERGED from [com.google.firebase:firebase-database-connection:11.4.0] AndroidManifest.xml:3:5-43
MERGED from [com.google.firebase:firebase-database-connection:11.4.0] AndroidManifest.xml:3:5-43
MERGED from [com.google.firebase:firebase-analytics-impl:11.4.0] AndroidManifest.xml:17:5-43
MERGED from [com.google.firebase:firebase-analytics-impl:11.4.0] AndroidManifest.xml:17:5-43
MERGED from [com.google.firebase:firebase-iid:11.4.0] AndroidManifest.xml:17:5-43
MERGED from [com.google.firebase:firebase-iid:11.4.0] AndroidManifest.xml:17:5-43
MERGED from [com.google.firebase:firebase-common:11.4.0] AndroidManifest.xml:3:5-43
MERGED from [com.google.firebase:firebase-common:11.4.0] AndroidManifest.xml:3:5-43
MERGED from [com.google.android.gms:play-services-ads-lite:11.4.0] AndroidManifest.xml:22:5-43
MERGED from [com.google.android.gms:play-services-ads-lite:11.4.0] AndroidManifest.xml:22:5-43
MERGED from [com.google.android.gms:play-services-gass:11.4.0] AndroidManifest.xml:3:5-43
MERGED from [com.google.android.gms:play-services-gass:11.4.0] AndroidManifest.xml:3:5-43
MERGED from [com.google.android.gms:play-services-auth-api-phone:11.4.0] AndroidManifest.xml:3:3-41
MERGED from [com.google.android.gms:play-services-auth-api-phone:11.4.0] AndroidManifest.xml:3:3-41
MERGED from [com.google.android.gms:play-services-auth-base:11.4.0] AndroidManifest.xml:4:5-43
MERGED from [com.google.android.gms:play-services-auth-base:11.4.0] AndroidManifest.xml:4:5-43
MERGED from [com.google.android.gms:play-services-gcm:11.6.2] AndroidManifest.xml:17:5-43
MERGED from [com.google.android.gms:play-services-gcm:11.6.2] AndroidManifest.xml:17:5-43
MERGED from [com.google.android.gms:play-services-location:11.6.2] AndroidManifest.xml:3:5-43
MERGED from [com.google.android.gms:play-services-location:11.6.2] AndroidManifest.xml:3:5-43
MERGED from [com.google.android.gms:play-services-iid:11.6.2] AndroidManifest.xml:17:5-43
MERGED from [com.google.android.gms:play-services-iid:11.6.2] AndroidManifest.xml:17:5-43
MERGED from [com.google.android.gms:play-services-base:11.6.2] AndroidManifest.xml:17:5-43
MERGED from [com.google.android.gms:play-services-base:11.6.2] AndroidManifest.xml:17:5-43
MERGED from [com.google.android.gms:play-services-tasks:11.6.2] AndroidManifest.xml:3:5-43
MERGED from [com.google.android.gms:play-services-tasks:11.6.2] AndroidManifest.xml:3:5-43
MERGED from [com.google.android.gms:play-services-basement:11.6.2] AndroidManifest.xml:17:5-43
MERGED from [com.google.android.gms:play-services-basement:11.6.2] AndroidManifest.xml:17:5-43
MERGED from [com.android.support:support-v4:27.0.2] AndroidManifest.xml:20:5-44
MERGED from [com.android.support:support-v4:27.0.2] AndroidManifest.xml:20:5-44
MERGED from [com.android.support:multidex:1.0.1] AndroidManifest.xml:18:5-42
MERGED from [com.android.support:multidex:1.0.1] AndroidManifest.xml:18:5-42
MERGED from [com.android.support:cardview-v7:26.1.0] AndroidManifest.xml:20:5-44
MERGED from [com.android.support:cardview-v7:26.1.0] AndroidManifest.xml:20:5-44
MERGED from [com.android.support:recyclerview-v7:26.1.0] AndroidManifest.xml:20:5-44
MERGED from [com.android.support:recyclerview-v7:26.1.0] AndroidManifest.xml:20:5-44
MERGED from [com.android.support:customtabs:27.0.2] AndroidManifest.xml:20:5-44
MERGED from [com.android.support:customtabs:27.0.2] AndroidManifest.xml:20:5-44
MERGED from [com.android.support:animated-vector-drawable:26.1.0] AndroidManifest.xml:20:5-44
MERGED from [com.android.support:animated-vector-drawable:26.1.0] AndroidManifest.xml:20:5-44
MERGED from [com.android.support:support-vector-drawable:26.1.0] AndroidManifest.xml:20:5-44
MERGED from [com.android.support:support-vector-drawable:26.1.0] AndroidManifest.xml:20:5-44
MERGED from [com.android.support:support-media-compat:27.0.2] AndroidManifest.xml:20:5-44
MERGED from [com.android.support:support-media-compat:27.0.2] AndroidManifest.xml:20:5-44
MERGED from [com.android.support:support-fragment:27.0.2] AndroidManifest.xml:20:5-44
MERGED from [com.android.support:support-fragment:27.0.2] AndroidManifest.xml:20:5-44
MERGED from [com.android.support:support-core-utils:27.0.2] AndroidManifest.xml:20:5-44
MERGED from [com.android.support:support-core-utils:27.0.2] AndroidManifest.xml:20:5-44
MERGED from [com.android.support:support-core-ui:27.0.2] AndroidManifest.xml:20:5-44
MERGED from [com.android.support:support-core-ui:27.0.2] AndroidManifest.xml:20:5-44
MERGED from [com.android.support:support-compat:27.0.2] AndroidManifest.xml:20:5-44
MERGED from [com.android.support:support-compat:27.0.2] AndroidManifest.xml:20:5-44
MERGED from [android.arch.lifecycle:runtime:1.0.3] AndroidManifest.xml:20:5-22:41
MERGED from [android.arch.lifecycle:runtime:1.0.3] AndroidManifest.xml:20:5-22:41
MERGED from [com.google.android.gms:play-services-gcm-license:11.6.2] AndroidManifest.xml:4:5-43
MERGED from [com.google.android.gms:play-services-gcm-license:11.6.2] AndroidManifest.xml:4:5-43
MERGED from [com.google.android.gms:play-services-location-license:11.6.2] AndroidManifest.xml:4:5-43
MERGED from [com.google.android.gms:play-services-location-license:11.6.2] AndroidManifest.xml:4:5-43
MERGED from [com.google.android.gms:play-services-base-license:11.6.2] AndroidManifest.xml:4:5-43
MERGED from [com.google.android.gms:play-services-base-license:11.6.2] AndroidManifest.xml:4:5-43
MERGED from [com.google.android.gms:play-services-basement-license:11.6.2] AndroidManifest.xml:4:5-43
MERGED from [com.google.android.gms:play-services-basement-license:11.6.2] AndroidManifest.xml:4:5-43
MERGED from [com.google.android.gms:play-services-iid-license:11.6.2] AndroidManifest.xml:4:5-43
MERGED from [com.google.android.gms:play-services-iid-license:11.6.2] AndroidManifest.xml:4:5-43
MERGED from [com.google.android.gms:play-services-tasks-license:11.6.2] AndroidManifest.xml:4:5-43
MERGED from [com.google.android.gms:play-services-tasks-license:11.6.2] AndroidManifest.xml:4:5-43
INJECTED from src\main\AndroidManifest.xml
INJECTED from src\main\AndroidManifest.xml
	tools:overrideLibrary
		ADDED from [com.android.support:design:26.1.0] AndroidManifest.xml:23:9-59
	android:targetSdkVersion
		INJECTED from src\main\AndroidManifest.xml
		ADDED from src\main\AndroidManifest.xml
		INJECTED from src\main\AndroidManifest.xml
	android:minSdkVersion
		INJECTED from src\main\AndroidManifest.xml
		ADDED from src\main\AndroidManifest.xml
		INJECTED from src\main\AndroidManifest.xml
meta-data#android.support.VERSION
ADDED from [com.android.support:design:26.1.0] AndroidManifest.xml:26:9-28:38
MERGED from [com.android.support:appcompat-v7:26.1.0] AndroidManifest.xml:26:9-28:38
MERGED from [com.android.support:appcompat-v7:26.1.0] AndroidManifest.xml:26:9-28:38
MERGED from [com.android.support:transition:26.1.0] AndroidManifest.xml:23:9-25:38
MERGED from [com.android.support:transition:26.1.0] AndroidManifest.xml:23:9-25:38
MERGED from [com.android.support:cardview-v7:26.1.0] AndroidManifest.xml:23:9-25:38
MERGED from [com.android.support:cardview-v7:26.1.0] AndroidManifest.xml:23:9-25:38
MERGED from [com.android.support:recyclerview-v7:26.1.0] AndroidManifest.xml:23:9-25:38
MERGED from [com.android.support:recyclerview-v7:26.1.0] AndroidManifest.xml:23:9-25:38
MERGED from [com.android.support:animated-vector-drawable:26.1.0] AndroidManifest.xml:23:9-25:38
MERGED from [com.android.support:animated-vector-drawable:26.1.0] AndroidManifest.xml:23:9-25:38
MERGED from [com.android.support:support-vector-drawable:26.1.0] AndroidManifest.xml:23:9-25:38
MERGED from [com.android.support:support-vector-drawable:26.1.0] AndroidManifest.xml:23:9-25:38
	android:value
		ADDED from [com.android.support:design:26.1.0] AndroidManifest.xml:28:13-35